<?xml version="1.0" encoding="UTF-8"?>
<testng-results ignored="0" total="1" passed="1" failed="0" skipped="0">
  <reporter-output>
  </reporter-output>
  <suite started-at="2022-09-22T14:50:41 IST" name="Suite" finished-at="2022-09-22T14:50:55 IST" duration-ms="14091">
    <groups>
    </groups>
    <test started-at="2022-09-22T14:50:41 IST" name="Test" finished-at="2022-09-22T14:50:55 IST" duration-ms="14091">
      <class name="Com.Test.Tc_001">
        <test-method is-config="true" signature="bs()[pri:0, instance:Com.Test.Tc_001@65987993]" started-at="2022-09-22T14:50:40 IST" name="bs" finished-at="2022-09-22T14:50:41 IST" duration-ms="786" status="PASS">
          <reporter-output>
          </reporter-output>
        </test-method> <!-- bs -->
        <test-method is-config="true" signature="SetUp()[pri:0, instance:Com.Test.Tc_001@65987993]" started-at="2022-09-22T14:50:41 IST" name="SetUp" finished-at="2022-09-22T14:50:46 IST" duration-ms="4911" status="PASS">
          <reporter-output>
          </reporter-output>
        </test-method> <!-- SetUp -->
        <test-method signature="verify_login_crendential()[pri:0, instance:Com.Test.Tc_001@65987993]" started-at="2022-09-22T14:50:46 IST" name="verify_login_crendential" finished-at="2022-09-22T14:50:46 IST" duration-ms="408" status="PASS">
          <reporter-output>
          </reporter-output>
        </test-method> <!-- verify_login_crendential -->
        <test-method is-config="true" signature="close()[pri:0, instance:Com.Test.Tc_001@65987993]" started-at="2022-09-22T14:50:52 IST" name="close" finished-at="2022-09-22T14:50:55 IST" duration-ms="2415" status="PASS">
          <reporter-output>
          </reporter-output>
        </test-method> <!-- close -->
      </class> <!-- Com.Test.Tc_001 -->
    </test> <!-- Test -->
  </suite> <!-- Suite -->
</testng-results>
